2019-04-19 15:45:34.322  INFO 16628 --- [main] com.hmx.ManagementApplication            : Starting ManagementApplication on xupc-PC with PID 16628 (D:\hmx-project-master\hmx-admin\target\classes started by Administrator in D:\hmx-project-master\hmx-admin)
2019-04-19 15:45:34.339  INFO 16628 --- [main] com.hmx.ManagementApplication            : No active profile set, falling back to default profiles: default
2019-04-19 15:45:34.426  INFO 16628 --- [main] ConfigServletWebServerApplicationContext : Refreshing org.springframework.boot.web.servlet.context.AnnotationConfigServletWebServerApplicationContext@15aab8c6: startup date [Fri Apr 19 15:45:34 CST 2019]; root of context hierarchy
2019-04-19 15:45:35.706  INFO 16628 --- [main] trationDelegate$BeanPostProcessorChecker : Bean 'org.springframework.transaction.annotation.ProxyTransactionManagementConfiguration' of type [org.springframework.transaction.annotation.ProxyTransactionManagementConfiguration$$EnhancerBySpringCGLIB$$7361b390] is not eligible for getting processed by all BeanPostProcessors (for example: not eligible for auto-proxying)
2019-04-19 15:45:35.914 ERROR 16628 --- [main] o.a.catalina.core.AprLifecycleListener   : An incompatible version [1.1.33] of the APR based Apache Tomcat Native library is installed, while Tomcat requires version [1.2.14]
2019-04-19 15:45:36.025  INFO 16628 --- [main] o.s.b.w.embedded.tomcat.TomcatWebServer  : Tomcat initialized with port(s): 8089 (http)
2019-04-19 15:45:36.055 ERROR 16628 --- [main] o.a.catalina.core.AprLifecycleListener   : An incompatible version [1.1.33] of the APR based Apache Tomcat Native library is installed, while Tomcat requires version [1.2.14]
2019-04-19 15:45:36.063  INFO 16628 --- [main] o.apache.catalina.core.StandardService   : Starting service [Tomcat]
2019-04-19 15:45:36.063  INFO 16628 --- [main] org.apache.catalina.core.StandardEngine  : Starting Servlet Engine: Apache Tomcat/8.5.28
2019-04-19 15:45:36.066 ERROR 16628 --- [localhost-startStop-1] o.a.catalina.core.AprLifecycleListener   : An incompatible version [1.1.33] of the APR based Apache Tomcat Native library is installed, while Tomcat requires version [1.2.14]
2019-04-19 15:45:36.166  INFO 16628 --- [localhost-startStop-1] o.a.c.c.C.[Tomcat].[localhost].[/]       : Initializing Spring embedded WebApplicationContext
2019-04-19 15:45:36.166  INFO 16628 --- [localhost-startStop-1] o.s.web.context.ContextLoader            : Root WebApplicationContext: initialization completed in 1740 ms
2019-04-19 15:45:37.151  INFO 16628 --- [localhost-startStop-1] com.zaxxer.hikari.HikariDataSource       : HikariPool-1 - Starting...
2019-04-19 15:45:37.485  INFO 16628 --- [localhost-startStop-1] com.zaxxer.hikari.HikariDataSource       : HikariPool-1 - Start completed.
2019-04-19 15:45:37.587  INFO 16628 --- [localhost-startStop-1] j.LocalContainerEntityManagerFactoryBean : Building JPA container EntityManagerFactory for persistence unit 'default'
2019-04-19 15:45:37.601  INFO 16628 --- [localhost-startStop-1] o.hibernate.jpa.internal.util.LogHelper  : HHH000204: Processing PersistenceUnitInfo [
	name: default
	...]
2019-04-19 15:45:37.695  INFO 16628 --- [localhost-startStop-1] org.hibernate.Version                    : HHH000412: Hibernate Core {5.2.14.Final}
2019-04-19 15:45:37.697  INFO 16628 --- [localhost-startStop-1] org.hibernate.cfg.Environment            : HHH000206: hibernate.properties not found
2019-04-19 15:45:37.781  INFO 16628 --- [localhost-startStop-1] o.hibernate.annotations.common.Version   : HCANN000001: Hibernate Commons Annotations {5.0.1.Final}
2019-04-19 15:45:37.964  INFO 16628 --- [localhost-startStop-1] org.hibernate.dialect.Dialect            : HHH000400: Using dialect: org.hibernate.dialect.MySQL5Dialect
2019-04-19 15:45:38.297  INFO 16628 --- [localhost-startStop-1] j.LocalContainerEntityManagerFactoryBean : Initialized JPA EntityManagerFactory for persistence unit 'default'
2019-04-19 15:45:38.461  WARN 16628 --- [localhost-startStop-1] c.h.c.f.JkFilterSecurityInterceptor      : Could not validate configuration attributes as the SecurityMetadataSource did not return any attributes from getAllConfigAttributes()
2019-04-19 15:45:38.529  INFO 16628 --- [localhost-startStop-1] o.s.b.w.servlet.FilterRegistrationBean   : Mapping filter: 'characterEncodingFilter' to: [/*]
2019-04-19 15:45:38.530  INFO 16628 --- [localhost-startStop-1] o.s.b.w.servlet.FilterRegistrationBean   : Mapping filter: 'hiddenHttpMethodFilter' to: [/*]
2019-04-19 15:45:38.530  INFO 16628 --- [localhost-startStop-1] o.s.b.w.servlet.FilterRegistrationBean   : Mapping filter: 'httpPutFormContentFilter' to: [/*]
2019-04-19 15:45:38.531  INFO 16628 --- [localhost-startStop-1] o.s.b.w.servlet.FilterRegistrationBean   : Mapping filter: 'requestContextFilter' to: [/*]
2019-04-19 15:45:38.531  INFO 16628 --- [localhost-startStop-1] .s.DelegatingFilterProxyRegistrationBean : Mapping filter: 'springSecurityFilterChain' to: [/*]
2019-04-19 15:45:38.531  INFO 16628 --- [localhost-startStop-1] o.s.b.w.servlet.FilterRegistrationBean   : Mapping filter: 'jkFilterSecurityInterceptor' to: [/*]
2019-04-19 15:45:38.531  INFO 16628 --- [localhost-startStop-1] o.s.b.w.servlet.ServletRegistrationBean  : Servlet dispatcherServlet mapped to [/]
2019-04-19 15:45:38.630  INFO 16628 --- [main] o.s.aop.framework.CglibAopProxy          : Final method [protected final java.lang.String org.springframework.security.web.authentication.AbstractAuthenticationTargetUrlRequestHandler.getDefaultTargetUrl()] cannot get proxied via CGLIB: Calls to this method will NOT be routed to the target instance and might lead to NPEs against uninitialized fields in the proxy instance.
2019-04-19 15:45:38.764  INFO 16628 --- [main] o.s.w.s.v.f.FreeMarkerConfigurer         : ClassTemplateLoader for Spring macros added to FreeMarker configuration
2019-04-19 15:45:39.780  INFO 16628 --- [main] o.s.s.web.DefaultSecurityFilterChain     : Creating filter chain: org.springframework.security.web.util.matcher.AnyRequestMatcher@1, [org.springframework.security.web.context.request.async.WebAsyncManagerIntegrationFilter@67efd2c2, org.springframework.security.web.context.SecurityContextPersistenceFilter@1debc91c, org.springframework.security.web.header.HeaderWriterFilter@690bc15e, org.springframework.security.web.authentication.logout.LogoutFilter@7dd611c8, org.springframework.security.web.authentication.UsernamePasswordAuthenticationFilter@3a22bad6, org.springframework.security.web.savedrequest.RequestCacheAwareFilter@181e72d3, org.springframework.security.web.servletapi.SecurityContextHolderAwareRequestFilter@5c7668ba, org.springframework.security.web.authentication.AnonymousAuthenticationFilter@71d9cb05, org.springframework.security.web.session.SessionManagementFilter@475646d4, org.springframework.security.web.access.ExceptionTranslationFilter@45c2e0a6, com.hmx.common.filter.JkFilterSecurityInterceptor@1734cef3, org.springframework.security.web.access.intercept.FilterSecurityInterceptor@26b95b0b]
2019-04-19 15:45:39.797  INFO 16628 --- [main] o.s.s.concurrent.ThreadPoolTaskExecutor  : Initializing ExecutorService  'taskExecutorWbswryxx'
2019-04-19 15:45:40.173  INFO 16628 --- [main] s.w.s.m.m.a.RequestMappingHandlerAdapter : Looking for @ControllerAdvice: org.springframework.boot.web.servlet.context.AnnotationConfigServletWebServerApplicationContext@15aab8c6: startup date [Fri Apr 19 15:45:34 CST 2019]; root of context hierarchy
2019-04-19 15:45:40.209  WARN 16628 --- [main] aWebConfiguration$JpaWebMvcConfiguration : spring.jpa.open-in-view is enabled by default. Therefore, database queries may be performed during view rendering. Explicitly configure spring.jpa.open-in-view to disable this warning
2019-04-19 15:45:40.238  INFO 16628 --- [main] s.w.s.m.m.a.RequestMappingHandlerMapping : Mapped "{[/categoryContent/init]}" onto public org.springframework.web.servlet.ModelAndView com.hmx.category.controller.CategoryContentController.init()
2019-04-19 15:45:40.238  INFO 16628 --- [main] s.w.s.m.m.a.RequestMappingHandlerMapping : Mapped "{[/categoryContent/selectPic]}" onto public org.springframework.web.servlet.ModelAndView com.hmx.category.controller.CategoryContentController.selectPic()
2019-04-19 15:45:40.240  INFO 16628 --- [main] s.w.s.m.m.a.RequestMappingHandlerMapping : Mapped "{[/categoryContent/editInit]}" onto public org.springframework.web.servlet.ModelAndView com.hmx.category.controller.CategoryContentController.editInit(java.lang.Integer)
2019-04-19 15:45:40.240  INFO 16628 --- [main] s.w.s.m.m.a.RequestMappingHandlerMapping : Mapped "{[/categoryContent/add],methods=[POST]}" onto public java.lang.String com.hmx.category.controller.CategoryContentController.categoryAdd(com.hmx.category.dto.HmxCategoryContentDto,org.springframework.ui.Model)
2019-04-19 15:45:40.240  INFO 16628 --- [main] s.w.s.m.m.a.RequestMappingHandlerMapping : Mapped "{[/categoryContent/edit]}" onto public com.hmx.utils.result.Result<java.lang.Object> com.hmx.category.controller.CategoryContentController.categoryUpdate(com.hmx.category.dto.HmxCategoryContentDto)
2019-04-19 15:45:40.241  INFO 16628 --- [main] s.w.s.m.m.a.RequestMappingHandlerMapping : Mapped "{[/categoryContent/{id}],methods=[GET]}" onto public java.lang.String com.hmx.category.controller.CategoryContentController.categoryContentInfo(java.lang.Integer,org.springframework.ui.Model)
2019-04-19 15:45:40.241  INFO 16628 --- [main] s.w.s.m.m.a.RequestMappingHandlerMapping : Mapped "{[/categoryContent/categoryContentTable],methods=[GET]}" onto public java.util.Map<java.lang.String, java.lang.Object> com.hmx.category.controller.CategoryContentController.categoryContentTable(com.hmx.category.dto.HmxCategoryContentDto,com.hmx.utils.result.PageBean<java.util.Map<java.lang.String, java.lang.Object>>,org.springframework.ui.Model)
2019-04-19 15:45:40.242  INFO 16628 --- [main] s.w.s.m.m.a.RequestMappingHandlerMapping : Mapped "{[/category/init]}" onto public org.springframework.web.servlet.ModelAndView com.hmx.category.controller.CategoryController.init()
2019-04-19 15:45:40.243  INFO 16628 --- [main] s.w.s.m.m.a.RequestMappingHandlerMapping : Mapped "{[/category/add],methods=[POST]}" onto public com.hmx.utils.result.Result<java.lang.Object> com.hmx.category.controller.CategoryController.categoryAdd(com.hmx.category.dto.HmxCategoryDto,javax.servlet.http.HttpServletRequest)
2019-04-19 15:45:40.243  INFO 16628 --- [main] s.w.s.m.m.a.RequestMappingHandlerMapping : Mapped "{[/category/edit],methods=[POST]}" onto public com.hmx.utils.result.Result<java.lang.Object> com.hmx.category.controller.CategoryController.categoryUpdate(com.hmx.category.dto.HmxCategoryDto,org.springframework.ui.Model)
2019-04-19 15:45:40.243  INFO 16628 --- [main] s.w.s.m.m.a.RequestMappingHandlerMapping : Mapped "{[/category/initAdd]}" onto public org.springframework.web.servlet.ModelAndView com.hmx.category.controller.CategoryController.initAdd(javax.servlet.http.HttpServletRequest,java.lang.Integer)
2019-04-19 15:45:40.243  INFO 16628 --- [main] s.w.s.m.m.a.RequestMappingHandlerMapping : Mapped "{[/category/{id}],methods=[GET]}" onto public java.lang.String com.hmx.category.controller.CategoryController.categoryInfo(java.lang.Integer,org.springframework.ui.Model)
2019-04-19 15:45:40.243  INFO 16628 --- [main] s.w.s.m.m.a.RequestMappingHandlerMapping : Mapped "{[/category/categoryTable],methods=[GET]}" onto public java.util.Map<java.lang.String, java.lang.Object> com.hmx.category.controller.CategoryController.categoryTable(com.hmx.category.dto.HmxCategoryDto,com.hmx.utils.result.PageBean<java.util.Map<java.lang.String, java.lang.Object>>,org.springframework.ui.Model)
2019-04-19 15:45:40.244  INFO 16628 --- [main] s.w.s.m.m.a.RequestMappingHandlerMapping : Mapped "{[/category/categoryAll],methods=[GET]}" onto public java.lang.String com.hmx.category.controller.CategoryController.categoryAll(com.hmx.category.dto.HmxCategoryDto,org.springframework.ui.Model)
2019-04-19 15:45:40.245  INFO 16628 --- [main] s.w.s.m.m.a.RequestMappingHandlerMapping : Mapped "{[/fileUpload/upload]}" onto public com.hmx.utils.result.ResultBean com.hmx.fileupload.controller.FileController.fileUpload(org.springframework.web.multipart.MultipartFile,java.lang.Integer,java.lang.String)
2019-04-19 15:45:40.245  INFO 16628 --- [main] s.w.s.m.m.a.RequestMappingHandlerMapping : Mapped "{[/imageUpload/upload]}" onto public com.hmx.utils.result.ResultBean com.hmx.fileupload.controller.ImageFileUploadController.fileImageUpload(org.springframework.web.multipart.MultipartFile)
2019-04-19 15:45:40.246  INFO 16628 --- [main] s.w.s.m.m.a.RequestMappingHandlerMapping : Mapped "{[/movieUpload/upload]}" onto public com.hmx.utils.result.ResultBean com.hmx.fileupload.controller.movieFileUploadController.fileMovieUpload(org.springframework.web.multipart.MultipartFile,java.lang.String)
2019-04-19 15:45:40.246  INFO 16628 --- [main] s.w.s.m.m.a.RequestMappingHandlerMapping : Mapped "{[/movieUpload/getUrl]}" onto public com.hmx.utils.result.ResultBean com.hmx.fileupload.controller.movieFileUploadController.getVideoPathUrl(java.lang.String)
2019-04-19 15:45:40.246  INFO 16628 --- [main] s.w.s.m.m.a.RequestMappingHandlerMapping : Mapped "{[/]}" onto public org.springframework.web.servlet.ModelAndView com.hmx.management.controller.LoginController.index(javax.servlet.http.HttpServletRequest)
2019-04-19 15:45:40.247  INFO 16628 --- [main] s.w.s.m.m.a.RequestMappingHandlerMapping : Mapped "{[/home]}" onto public org.springframework.web.servlet.ModelAndView com.hmx.management.controller.LoginController.home()
2019-04-19 15:45:40.247  INFO 16628 --- [main] s.w.s.m.m.a.RequestMappingHandlerMapping : Mapped "{[/login]}" onto public org.springframework.web.servlet.ModelAndView com.hmx.management.controller.LoginController.login(java.lang.Boolean)
2019-04-19 15:45:40.247  INFO 16628 --- [main] s.w.s.m.m.a.RequestMappingHandlerMapping : Mapped "{[/loginButton]}" onto public com.hmx.utils.result.Result<java.util.List<com.hmx.data.LoginButtonData>> com.hmx.management.controller.LoginController.loginButton(javax.servlet.http.HttpServletRequest)
2019-04-19 15:45:40.247  INFO 16628 --- [main] s.w.s.m.m.a.RequestMappingHandlerMapping : Mapped "{[/logout],methods=[GET]}" onto public java.lang.String com.hmx.management.controller.LoginController.logoutPage(javax.servlet.http.HttpServletRequest,javax.servlet.http.HttpServletResponse)
2019-04-19 15:45:40.248  INFO 16628 --- [main] s.w.s.m.m.a.RequestMappingHandlerMapping : Mapped "{[/system/roleManage/init]}" onto public org.springframework.web.servlet.ModelAndView com.hmx.management.controller.user.RoleController.init()
2019-04-19 15:45:40.249  INFO 16628 --- [main] s.w.s.m.m.a.RequestMappingHandlerMapping : Mapped "{[/system/roleManage/detail]}" onto public org.springframework.web.servlet.ModelAndView com.hmx.management.controller.user.RoleController.detail(java.lang.Integer)
2019-04-19 15:45:40.249  INFO 16628 --- [main] s.w.s.m.m.a.RequestMappingHandlerMapping : Mapped "{[/system/roleManage/getPermissionLists]}" onto public com.hmx.utils.result.Result<java.lang.Object> com.hmx.management.controller.user.RoleController.getLists()
2019-04-19 15:45:40.249  INFO 16628 --- [main] s.w.s.m.m.a.RequestMappingHandlerMapping : Mapped "{[/system/roleManage/getRoleLists]}" onto public java.util.Map<java.lang.String, java.lang.Object> com.hmx.management.controller.user.RoleController.getRoleLists(org.springframework.data.domain.Pageable)
2019-04-19 15:45:40.249  INFO 16628 --- [main] s.w.s.m.m.a.RequestMappingHandlerMapping : Mapped "{[/system/roleManage/updateRole]}" onto public com.hmx.utils.result.Result<java.lang.Object> com.hmx.management.controller.user.RoleController.updateRole(com.hmx.user.entity.po.Role)
2019-04-19 15:45:40.250  INFO 16628 --- [main] s.w.s.m.m.a.RequestMappingHandlerMapping : Mapped "{[/system/roleManage/getPermissionCheck]}" onto public com.hmx.utils.result.Result<java.lang.Object> com.hmx.management.controller.user.RoleController.getPermissionCheck(java.lang.Integer)
2019-04-19 15:45:40.250  INFO 16628 --- [main] s.w.s.m.m.a.RequestMappingHandlerMapping : Mapped "{[/system/roleManage/updateRolePermission]}" onto public com.hmx.utils.result.Result<java.lang.Object> com.hmx.management.controller.user.RoleController.updateRolePermission(java.lang.Integer,java.lang.Integer,java.lang.Boolean)
2019-04-19 15:45:40.251  INFO 16628 --- [main] s.w.s.m.m.a.RequestMappingHandlerMapping : Mapped "{[/system/userManage/init]}" onto public org.springframework.web.servlet.ModelAndView com.hmx.management.controller.user.UserModelController.init()
2019-04-19 15:45:40.251  INFO 16628 --- [main] s.w.s.m.m.a.RequestMappingHandlerMapping : Mapped "{[/system/userManage/isValid]}" onto public com.hmx.utils.result.Result<java.lang.Object> com.hmx.management.controller.user.UserModelController.isValid(java.lang.Integer,java.lang.Boolean)
2019-04-19 15:45:40.251  INFO 16628 --- [main] s.w.s.m.m.a.RequestMappingHandlerMapping : Mapped "{[/system/userManage/getLists]}" onto public java.util.Map<java.lang.String, java.lang.Object> com.hmx.management.controller.user.UserModelController.getLists(com.hmx.user.entity.HmxUser,org.springframework.data.domain.Pageable,javax.servlet.http.HttpServletRequest)
2019-04-19 15:45:40.251  INFO 16628 --- [main] s.w.s.m.m.a.RequestMappingHandlerMapping : Mapped "{[/system/userManage/eidt]}" onto public org.springframework.web.servlet.ModelAndView com.hmx.management.controller.user.UserModelController.eidt(javax.servlet.http.HttpServletRequest,java.lang.Integer)
2019-04-19 15:45:40.252  INFO 16628 --- [main] s.w.s.m.m.a.RequestMappingHandlerMapping : Mapped "{[/system/userManage/addOrUpdateUser]}" onto public com.hmx.utils.result.Result<java.lang.Object> com.hmx.management.controller.user.UserModelController.addOrUpdateUser(com.hmx.user.dto.HmxUserDto)
2019-04-19 15:45:40.252  INFO 16628 --- [main] s.w.s.m.m.a.RequestMappingHandlerMapping : Mapped "{[/system/userManage/updateUser]}" onto public com.hmx.utils.result.Result<java.lang.Object> com.hmx.management.controller.user.UserModelController.updateUser(com.hmx.user.entity.HmxUser,java.lang.String)
2019-04-19 15:45:40.252  INFO 16628 --- [main] s.w.s.m.m.a.RequestMappingHandlerMapping : Mapped "{[/system/userManage/getValidation]}" onto public com.hmx.utils.result.Result<java.lang.Object> com.hmx.management.controller.user.UserModelController.getValidation(javax.servlet.http.HttpServletRequest,java.lang.String)
2019-04-19 15:45:40.252  INFO 16628 --- [main] s.w.s.m.m.a.RequestMappingHandlerMapping : Mapped "{[/getUser],methods=[GET]}" onto public java.lang.String com.hmx.management.controller.UserController.getUser(java.lang.Integer)
2019-04-19 15:45:40.254  INFO 16628 --- [main] s.w.s.m.m.a.RequestMappingHandlerMapping : Mapped "{[/media/vedio/init]}" onto public org.springframework.web.servlet.ModelAndView com.hmx.media.MediaController.vedioInit()
2019-04-19 15:45:40.254  INFO 16628 --- [main] s.w.s.m.m.a.RequestMappingHandlerMapping : Mapped "{[/media/mp3/init]}" onto public org.springframework.web.servlet.ModelAndView com.hmx.media.MediaController.mp3Init()
2019-04-19 15:45:40.254  INFO 16628 --- [main] s.w.s.m.m.a.RequestMappingHandlerMapping : Mapped "{[/media/pic/init]}" onto public org.springframework.web.servlet.ModelAndView com.hmx.media.MediaController.picInit()
2019-04-19 15:45:40.254  INFO 16628 --- [main] s.w.s.m.m.a.RequestMappingHandlerMapping : Mapped "{[/media/vedio/getList]}" onto public java.util.Map<java.lang.String, java.lang.Object> com.hmx.media.MediaController.getVedioList(com.hmx.utils.result.PageBean<com.hmx.movie.entity.HmxMovie>,com.hmx.movie.dto.HmxMovieDto,java.lang.Integer)
2019-04-19 15:45:40.254  INFO 16628 --- [main] s.w.s.m.m.a.RequestMappingHandlerMapping : Mapped "{[/media/upload/pic]}" onto public com.hmx.utils.result.Result<java.lang.Object> com.hmx.media.MediaController.uploadPic(org.springframework.web.multipart.MultipartFile,java.lang.Integer) throws java.io.IOException
2019-04-19 15:45:40.254  INFO 16628 --- [main] s.w.s.m.m.a.RequestMappingHandlerMapping : Mapped "{[/media/delete/pic]}" onto public com.hmx.utils.result.Result<java.lang.Object> com.hmx.media.MediaController.deletePic(java.lang.Integer)
2019-04-19 15:45:40.255  INFO 16628 --- [main] s.w.s.m.m.a.RequestMappingHandlerMapping : Mapped "{[/media/upload/video]}" onto public com.hmx.utils.result.Result<java.lang.Object> com.hmx.media.MediaController.uploadVideo(org.springframework.web.multipart.MultipartFile,java.lang.String,java.lang.String,java.lang.Integer,java.lang.String) throws java.io.IOException
2019-04-19 15:45:40.255  INFO 16628 --- [main] s.w.s.m.m.a.RequestMappingHandlerMapping : Mapped "{[/media/delete/video]}" onto public com.hmx.utils.result.Result<java.lang.Object> com.hmx.media.MediaController.deleteVideo(java.lang.Integer)
2019-04-19 15:45:40.255  INFO 16628 --- [main] s.w.s.m.m.a.RequestMappingHandlerMapping : Mapped "{[/media/pic/getList]}" onto public java.util.Map<java.lang.String, java.lang.Object> com.hmx.media.MediaController.getPicList(com.hmx.utils.result.PageBean<com.hmx.category.entity.HmxCategoryContent>,com.hmx.category.dto.HmxCategoryContentDto)
2019-04-19 15:45:40.255  INFO 16628 --- [main] s.w.s.m.m.a.RequestMappingHandlerMapping : Mapped "{[/media/pic/update]}" onto public com.hmx.utils.result.Result<java.lang.Object> com.hmx.media.MediaController.updatePicList()
2019-04-19 15:45:40.255  INFO 16628 --- [main] s.w.s.m.m.a.RequestMappingHandlerMapping : Mapped "{[/media/pic/show]}" onto public org.springframework.web.servlet.ModelAndView com.hmx.media.MediaController.picShow(java.lang.Integer)
2019-04-19 15:45:40.255  INFO 16628 --- [main] s.w.s.m.m.a.RequestMappingHandlerMapping : Mapped "{[/media/vedio/add]}" onto public org.springframework.web.servlet.ModelAndView com.hmx.media.MediaController.vedioAdd(java.lang.Integer)
2019-04-19 15:45:40.256  INFO 16628 --- [main] s.w.s.m.m.a.RequestMappingHandlerMapping : Mapped "{[/media/vedio/show]}" onto public org.springframework.web.servlet.ModelAndView com.hmx.media.MediaController.show(java.lang.Integer)
2019-04-19 15:45:40.256  INFO 16628 --- [main] s.w.s.m.m.a.RequestMappingHandlerMapping : Mapped "{[/media/mp3/show]}" onto public org.springframework.web.servlet.ModelAndView com.hmx.media.MediaController.mp3Play(java.lang.Integer)
2019-04-19 15:45:40.256  INFO 16628 --- [main] s.w.s.m.m.a.RequestMappingHandlerMapping : Mapped "{[/info/init]}" onto public org.springframework.web.servlet.ModelAndView com.hmx.system.controller.SystemController.infoInit()
2019-04-19 15:45:40.256  INFO 16628 --- [main] s.w.s.m.m.a.RequestMappingHandlerMapping : Mapped "{[/banner/init]}" onto public org.springframework.web.servlet.ModelAndView com.hmx.system.controller.SystemController.bannerInit()
2019-04-19 15:45:40.256  INFO 16628 --- [main] s.w.s.m.m.a.RequestMappingHandlerMapping : Mapped "{[/hot/init]}" onto public org.springframework.web.servlet.ModelAndView com.hmx.system.controller.SystemController.hotInit()
2019-04-19 15:45:40.256  INFO 16628 --- [main] s.w.s.m.m.a.RequestMappingHandlerMapping : Mapped "{[/feedback/init]}" onto public org.springframework.web.servlet.ModelAndView com.hmx.system.controller.SystemController.feedbackInit()
2019-04-19 15:45:40.257  INFO 16628 --- [main] s.w.s.m.m.a.RequestMappingHandlerMapping : Mapped "{[/aboutUs/init]}" onto public org.springframework.web.servlet.ModelAndView com.hmx.system.controller.SystemController.aboutUsInit()
2019-04-19 15:45:40.257  INFO 16628 --- [main] s.w.s.m.m.a.RequestMappingHandlerMapping : Mapped "{[/version/init]}" onto public org.springframework.web.servlet.ModelAndView com.hmx.system.controller.SystemController.versionInit()
2019-04-19 15:45:40.259  INFO 16628 --- [main] s.w.s.m.m.a.RequestMappingHandlerMapping : Mapped "{[/error]}" onto public org.springframework.http.ResponseEntity<java.util.Map<java.lang.String, java.lang.Object>> org.springframework.boot.autoconfigure.web.servlet.error.BasicErrorController.error(javax.servlet.http.HttpServletRequest)
2019-04-19 15:45:40.259  INFO 16628 --- [main] s.w.s.m.m.a.RequestMappingHandlerMapping : Mapped "{[/error],produces=[text/html]}" onto public org.springframework.web.servlet.ModelAndView org.springframework.boot.autoconfigure.web.servlet.error.BasicErrorController.errorHtml(javax.servlet.http.HttpServletRequest,javax.servlet.http.HttpServletResponse)
2019-04-19 15:45:40.303  INFO 16628 --- [main] o.s.w.s.handler.SimpleUrlHandlerMapping  : Mapped URL path [/webjars/**] onto handler of type [class org.springframework.web.servlet.resource.ResourceHttpRequestHandler]
2019-04-19 15:45:40.303  INFO 16628 --- [main] o.s.w.s.handler.SimpleUrlHandlerMapping  : Mapped URL path [/**] onto handler of type [class org.springframework.web.servlet.resource.ResourceHttpRequestHandler]
2019-04-19 15:45:40.374  INFO 16628 --- [main] o.s.w.s.handler.SimpleUrlHandlerMapping  : Mapped URL path [/**/favicon.ico] onto handler of type [class org.springframework.web.servlet.resource.ResourceHttpRequestHandler]
2019-04-19 15:45:40.409  INFO 16628 --- [main] o.s.b.a.w.s.WelcomePageHandlerMapping    : Adding welcome page template: index
2019-04-19 15:45:40.783  INFO 16628 --- [main] o.s.j.e.a.AnnotationMBeanExporter        : Registering beans for JMX exposure on startup
2019-04-19 15:45:40.784  INFO 16628 --- [main] o.s.j.e.a.AnnotationMBeanExporter        : Bean with name 'dataSource' has been autodetected for JMX exposure
2019-04-19 15:45:40.789  INFO 16628 --- [main] o.s.j.e.a.AnnotationMBeanExporter        : Located MBean 'dataSource': registering with JMX server as MBean [com.zaxxer.hikari:name=dataSource,type=HikariDataSource]
2019-04-19 15:45:40.913  INFO 16628 --- [main] o.s.b.w.embedded.tomcat.TomcatWebServer  : Tomcat started on port(s): 8089 (http) with context path ''
2019-04-19 15:45:40.917  INFO 16628 --- [main] com.hmx.ManagementApplication            : Started ManagementApplication in 7.069 seconds (JVM running for 8.145)
2019-04-19 15:47:09.588  INFO 16628 --- [RMI TCP Connection(2)-127.0.0.1] inMXBeanRegistrar$SpringApplicationAdmin : Application shutdown requested.
2019-04-19 15:47:09.589  INFO 16628 --- [RMI TCP Connection(2)-127.0.0.1] ConfigServletWebServerApplicationContext : Closing org.springframework.boot.web.servlet.context.AnnotationConfigServletWebServerApplicationContext@15aab8c6: startup date [Fri Apr 19 15:45:34 CST 2019]; root of context hierarchy
2019-04-19 15:47:09.591  INFO 16628 --- [RMI TCP Connection(2)-127.0.0.1] o.s.j.e.a.AnnotationMBeanExporter        : Unregistering JMX-exposed beans on shutdown
2019-04-19 15:47:09.592  INFO 16628 --- [RMI TCP Connection(2)-127.0.0.1] o.s.j.e.a.AnnotationMBeanExporter        : Unregistering JMX-exposed beans
2019-04-19 15:47:09.592  INFO 16628 --- [RMI TCP Connection(2)-127.0.0.1] o.s.s.concurrent.ThreadPoolTaskExecutor  : Shutting down ExecutorService 'taskExecutorWbswryxx'
2019-04-19 15:47:09.594  INFO 16628 --- [RMI TCP Connection(2)-127.0.0.1] j.LocalContainerEntityManagerFactoryBean : Closing JPA EntityManagerFactory for persistence unit 'default'
2019-04-19 15:47:09.596  INFO 16628 --- [RMI TCP Connection(2)-127.0.0.1] com.zaxxer.hikari.HikariDataSource       : HikariPool-1 - Shutdown initiated...
2019-04-19 15:47:09.600  INFO 16628 --- [RMI TCP Connection(2)-127.0.0.1] com.zaxxer.hikari.HikariDataSource       : HikariPool-1 - Shutdown completed.
